<?xml version="1.0" encoding="UTF-8"?>
<testsuite xmlns:xsi="http://www.w3.org/2001/XMLSchema-instance" xsi:noNamespaceSchemaLocation="https://maven.apache.org/surefire/maven-surefire-plugin/xsd/surefire-test-report-3.0.xsd" version="3.0" name="com.seeyou.vehicledataapp.AppDataVehicleApplicationTests" time="3.444" tests="1" errors="0" skipped="0" failures="0">
  <properties>
[...]
</properties>
  <testcase name="contextLoads" classname="com.seeyou.vehicledataapp.AppDataVehicleApplicationTests" time="0.326">
    <system-out><![CDATA[20:51:22.497 [main] INFO org.springframework.test.context.support.AnnotationConfigContextLoaderUtils -- Could not detect default configuration classes for test class [com.seeyou.vehicledataapp.AppDataVehicleApplicationTests]: AppDataVehicleApplicationTests does not declare any static, non-private, non-final, nested classes annotated with @Configuration.
20:51:22.572 [main] INFO org.springframework.boot.test.context.SpringBootTestContextBootstrapper -- Found @SpringBootConfiguration com.seeyou.vehicledataapp.AppDataVehicleApplication for test class com.seeyou.vehicledataapp.AppDataVehicleApplicationTests

  .   ____          _            __ _ _
 /\\ / ___'_ __ _ _(_)_ __  __ _ \ \ \ \
( ( )\___ | '_ | '_| | '_ \/ _` | \ \ \ \
 \\/  ___)| |_)| | | | | || (_| |  ) ) ) )
  '  |____| .__|_| |_|_| |_\__, | / / / /
 =========|_|==============|___/=/_/_/_/

 :: Spring Boot ::                (v3.3.5)

2024-11-07T20:51:22.917+07:00  INFO 10652 --- [AppDataVehicle] [           main] c.s.v.AppDataVehicleApplicationTests     : Starting AppDataVehicleApplicationTests using Java 22.0.2 with PID 10652 (started by User in C:\Application\AppDataVehicle)
2024-11-07T20:51:22.918+07:00  INFO 10652 --- [AppDataVehicle] [           main] c.s.v.AppDataVehicleApplicationTests     : No active profile set, falling back to 1 default profile: "default"
2024-11-07T20:51:23.346+07:00  INFO 10652 --- [AppDataVehicle] [           main] .s.d.r.c.RepositoryConfigurationDelegate : Bootstrapping Spring Data JPA repositories in DEFAULT mode.
2024-11-07T20:51:23.389+07:00  INFO 10652 --- [AppDataVehicle] [           main] .s.d.r.c.RepositoryConfigurationDelegate : Finished Spring Data repository scanning in 37 ms. Found 1 JPA repository interface.
2024-11-07T20:51:23.700+07:00  INFO 10652 --- [AppDataVehicle] [           main] o.hibernate.jpa.internal.util.LogHelper  : HHH000204: Processing PersistenceUnitInfo [name: default]
2024-11-07T20:51:23.752+07:00  INFO 10652 --- [AppDataVehicle] [           main] org.hibernate.Version                    : HHH000412: Hibernate ORM core version 6.5.3.Final
2024-11-07T20:51:23.781+07:00  INFO 10652 --- [AppDataVehicle] [           main] o.h.c.internal.RegionFactoryInitiator    : HHH000026: Second-level cache disabled
2024-11-07T20:51:24.041+07:00  INFO 10652 --- [AppDataVehicle] [           main] o.s.o.j.p.SpringPersistenceUnitInfo      : No LoadTimeWeaver setup: ignoring JPA class transformer
2024-11-07T20:51:24.066+07:00  INFO 10652 --- [AppDataVehicle] [           main] com.zaxxer.hikari.HikariDataSource       : HikariPool-1 - Starting...
2024-11-07T20:51:24.201+07:00  INFO 10652 --- [AppDataVehicle] [           main] com.zaxxer.hikari.pool.HikariPool        : HikariPool-1 - Added connection org.postgresql.jdbc.PgConnection@1552da16
2024-11-07T20:51:24.203+07:00  INFO 10652 --- [AppDataVehicle] [           main] com.zaxxer.hikari.HikariDataSource       : HikariPool-1 - Start completed.
2024-11-07T20:51:24.231+07:00  WARN 10652 --- [AppDataVehicle] [           main] org.hibernate.orm.deprecation            : HHH90000025: PostgreSQLDialect does not need to be specified explicitly using 'hibernate.dialect' (remove the property setting and it will be selected by default)
2024-11-07T20:51:24.857+07:00  INFO 10652 --- [AppDataVehicle] [           main] o.h.e.t.j.p.i.JtaPlatformInitiator       : HHH000489: No JTA platform available (set 'hibernate.transaction.jta.platform' to enable JTA platform integration)
Hibernate: create table vehicles (registration_number varchar(255) not null, address varchar(255) not null, engine_capacity integer not null, fuel_type varchar(255) not null, owner_name varchar(255) not null, vehicle_brand varchar(255) not null, vehicle_color varchar(255) not null, year_of_manufacture integer not null, primary key (registration_number))
2024-11-07T20:51:24.937+07:00  INFO 10652 --- [AppDataVehicle] [           main] j.LocalContainerEntityManagerFactoryBean : Initialized JPA EntityManagerFactory for persistence unit 'default'
2024-11-07T20:51:25.201+07:00  WARN 10652 --- [AppDataVehicle] [           main] JpaBaseConfiguration$JpaWebConfiguration : spring.jpa.open-in-view is enabled by default. Therefore, database queries may be performed during view rendering. Explicitly configure spring.jpa.open-in-view to disable this warning
2024-11-07T20:51:25.482+07:00  INFO 10652 --- [AppDataVehicle] [           main] c.s.v.AppDataVehicleApplicationTests     : Started AppDataVehicleApplicationTests in 2.801 seconds (process running for 3.478)
]]></system-out>
    <system-err><![CDATA[WARNING: A Java agent has been loaded dynamically (C:\Users\User\.m2\repository\net\bytebuddy\byte-buddy-agent\1.14.19\byte-buddy-agent-1.14.19.jar)
WARNING: If a serviceability tool is in use, please run with -XX:+EnableDynamicAgentLoading to hide this warning
WARNING: If a serviceability tool is not in use, please run with -Djdk.instrument.traceUsage for more information
WARNING: Dynamic loading of agents will be disallowed by default in a future release
]]></system-err>
  </testcase>
</testsuite>